[debug] [2025-08-10T11:12:33.214Z] ----------------------------------------------------------------------
[debug] [2025-08-10T11:12:33.216Z] Command:       C:\Program Files\nodejs\node.exe C:\Users\jesse\AppData\Roaming\npm\node_modules\firebase-tools\lib\bin\firebase.js init hosting
[debug] [2025-08-10T11:12:33.217Z] CLI Version:   14.12.0
[debug] [2025-08-10T11:12:33.217Z] Platform:      win32
[debug] [2025-08-10T11:12:33.217Z] Node Version:  v22.18.0
[debug] [2025-08-10T11:12:33.217Z] Time:          Sun Aug 10 2025 12:12:33 GMT+0100 (Central European Standard Time)
[debug] [2025-08-10T11:12:33.217Z] ----------------------------------------------------------------------
[debug] 
[debug] [2025-08-10T11:12:33.222Z] > command requires scopes: ["email","openid","https://www.googleapis.com/auth/cloudplatformprojects.readonly","https://www.googleapis.com/auth/firebase","https://www.googleapis.com/auth/cloud-platform"]
[debug] [2025-08-10T11:12:33.222Z] > authorizing via signed-in user (jessimoabbedi@gmail.com)
[info] 
     ######## #### ########  ######## ########     ###     ######  ########
     ##        ##  ##     ## ##       ##     ##  ##   ##  ##       ##
     ######    ##  ########  ######   ########  #########  ######  ######
     ##        ##  ##    ##  ##       ##     ## ##     ##       ## ##
     ##       #### ##     ## ######## ########  ##     ##  ######  ########

You're about to initialize a Firebase project in this directory:

  C:\Users\jesse\projects\barber

[info] 
=== Project Setup
[info] 
[info] First, let's associate this project directory with a Firebase project.
[info] You can create multiple project aliases by running firebase use --add, 
[info] but for now we'll just set up a default project.
[info] 
[debug] [2025-08-10T11:12:42.395Z] Checked if tokens are valid: true, expires at: 1754827871332
[debug] [2025-08-10T11:12:42.395Z] Checked if tokens are valid: true, expires at: 1754827871332
[debug] [2025-08-10T11:12:42.396Z] >>> [apiv2][query] GET https://firebase.googleapis.com/v1beta1/projects pageSize=100
[debug] [2025-08-10T11:12:43.264Z] <<< [apiv2][status] GET https://firebase.googleapis.com/v1beta1/projects 200
[debug] [2025-08-10T11:12:43.264Z] <<< [apiv2][body] GET https://firebase.googleapis.com/v1beta1/projects [omitted]
[info] i  Using project shear-genius-kfjjb (Shear Genius) 
[info] 
=== Hosting Setup
[debug] [2025-08-10T11:12:45.615Z] Checked if tokens are valid: true, expires at: 1754827871332
[debug] [2025-08-10T11:12:45.615Z] Checked if tokens are valid: true, expires at: 1754827871332
[debug] [2025-08-10T11:12:45.615Z] >>> [apiv2][query] GET https://firebase.googleapis.com/v1beta1/projects/shear-genius-kfjjb [none]
[debug] [2025-08-10T11:12:46.025Z] <<< [apiv2][status] GET https://firebase.googleapis.com/v1beta1/projects/shear-genius-kfjjb 200
[debug] [2025-08-10T11:12:46.025Z] <<< [apiv2][body] GET https://firebase.googleapis.com/v1beta1/projects/shear-genius-kfjjb {"projectId":"shear-genius-kfjjb","projectNumber":"655495256927","displayName":"Shear Genius","name":"projects/shear-genius-kfjjb","resources":{"hostingSite":"shear-genius-kfjjb"},"state":"ACTIVE","etag":"1_aa8acd19-87f1-4219-b36d-1c7bb7ae61e4"}
[debug] [2025-08-10T11:18:46.524Z] ----------------------------------------------------------------------
[debug] [2025-08-10T11:18:46.526Z] Command:       C:\Program Files\nodejs\node.exe C:\Users\jesse\AppData\Roaming\npm\node_modules\firebase-tools\lib\bin\firebase.js init hosting
[debug] [2025-08-10T11:18:46.527Z] CLI Version:   14.12.0
[debug] [2025-08-10T11:18:46.527Z] Platform:      win32
[debug] [2025-08-10T11:18:46.527Z] Node Version:  v22.18.0
[debug] [2025-08-10T11:18:46.527Z] Time:          Sun Aug 10 2025 12:18:46 GMT+0100 (Central European Standard Time)
[debug] [2025-08-10T11:18:46.527Z] ----------------------------------------------------------------------
[debug] 
[debug] [2025-08-10T11:18:46.532Z] > command requires scopes: ["email","openid","https://www.googleapis.com/auth/cloudplatformprojects.readonly","https://www.googleapis.com/auth/firebase","https://www.googleapis.com/auth/cloud-platform"]
[debug] [2025-08-10T11:18:46.532Z] > authorizing via signed-in user (jessimoabbedi@gmail.com)
[info] 
     ######## #### ########  ######## ########     ###     ######  ########
     ##        ##  ##     ## ##       ##     ##  ##   ##  ##       ##
     ######    ##  ########  ######   ########  #########  ######  ######
     ##        ##  ##    ##  ##       ##     ## ##     ##       ## ##
     ##       #### ##     ## ######## ########  ##     ##  ######  ########

You're about to initialize a Firebase project in this directory:

  C:\Users\jesse\projects\barber

[info] 
=== Project Setup
[info] 
[info] First, let's associate this project directory with a Firebase project.
[info] You can create multiple project aliases by running firebase use --add, 
[info] but for now we'll just set up a default project.
[info] 
[debug] [2025-08-10T11:18:50.150Z] Checked if tokens are valid: true, expires at: 1754827871332
[debug] [2025-08-10T11:18:50.150Z] Checked if tokens are valid: true, expires at: 1754827871332
[debug] [2025-08-10T11:18:50.151Z] >>> [apiv2][query] GET https://firebase.googleapis.com/v1beta1/projects pageSize=100
[debug] [2025-08-10T11:18:50.890Z] <<< [apiv2][status] GET https://firebase.googleapis.com/v1beta1/projects 200
[debug] [2025-08-10T11:18:50.890Z] <<< [apiv2][body] GET https://firebase.googleapis.com/v1beta1/projects [omitted]
[info] i  Using project shear-genius-kfjjb (Shear Genius) 
[info] 
=== Hosting Setup
[debug] [2025-08-10T11:18:52.465Z] Checked if tokens are valid: true, expires at: 1754827871332
[debug] [2025-08-10T11:18:52.465Z] Checked if tokens are valid: true, expires at: 1754827871332
[debug] [2025-08-10T11:18:52.465Z] >>> [apiv2][query] GET https://firebase.googleapis.com/v1beta1/projects/shear-genius-kfjjb [none]
[debug] [2025-08-10T11:18:52.853Z] <<< [apiv2][status] GET https://firebase.googleapis.com/v1beta1/projects/shear-genius-kfjjb 200
[debug] [2025-08-10T11:18:52.853Z] <<< [apiv2][body] GET https://firebase.googleapis.com/v1beta1/projects/shear-genius-kfjjb {"projectId":"shear-genius-kfjjb","projectNumber":"655495256927","displayName":"Shear Genius","name":"projects/shear-genius-kfjjb","resources":{"hostingSite":"shear-genius-kfjjb"},"state":"ACTIVE","etag":"1_aa8acd19-87f1-4219-b36d-1c7bb7ae61e4"}
[debug] [2025-08-10T11:21:28.943Z] Error: Command failed: npx --yes create-next-app@"12 - 15.0" -e hello-world hosting --use-npm --ts
    at genericNodeError (node:internal/errors:983:15)
    at wrappedFn (node:internal/errors:537:14)
    at checkExecSyncError (node:child_process:915:11)
    at execSync (node:child_process:987:15)
    at Object.init (C:\Users\jesse\AppData\Roaming\npm\node_modules\firebase-tools\lib\frameworks\next\index.js:216:34)
    at async Object.doSetup (C:\Users\jesse\AppData\Roaming\npm\node_modules\firebase-tools\lib\init\features\hosting\index.js:109:13)
    at async init (C:\Users\jesse\AppData\Roaming\npm\node_modules\firebase-tools\lib\init\index.js:65:13)
    at async Command.initAction [as actionFn] (C:\Users\jesse\AppData\Roaming\npm\node_modules\firebase-tools\lib\commands\init.js:209:5)
[error] 
[error] Error: An unexpected error has occurred.
[debug] [2025-08-10T11:22:26.396Z] ----------------------------------------------------------------------
[debug] [2025-08-10T11:22:26.398Z] Command:       C:\Program Files\nodejs\node.exe C:\Users\jesse\AppData\Roaming\npm\node_modules\firebase-tools\lib\bin\firebase.js init hosting
[debug] [2025-08-10T11:22:26.399Z] CLI Version:   14.12.0
[debug] [2025-08-10T11:22:26.399Z] Platform:      win32
[debug] [2025-08-10T11:22:26.399Z] Node Version:  v22.18.0
[debug] [2025-08-10T11:22:26.399Z] Time:          Sun Aug 10 2025 12:22:26 GMT+0100 (Central European Standard Time)
[debug] [2025-08-10T11:22:26.399Z] ----------------------------------------------------------------------
[debug] 
[debug] [2025-08-10T11:22:26.404Z] > command requires scopes: ["email","openid","https://www.googleapis.com/auth/cloudplatformprojects.readonly","https://www.googleapis.com/auth/firebase","https://www.googleapis.com/auth/cloud-platform"]
[debug] [2025-08-10T11:22:26.404Z] > authorizing via signed-in user (jessimoabbedi@gmail.com)
[info] 
     ######## #### ########  ######## ########     ###     ######  ########
     ##        ##  ##     ## ##       ##     ##  ##   ##  ##       ##
     ######    ##  ########  ######   ########  #########  ######  ######
     ##        ##  ##    ##  ##       ##     ## ##     ##       ## ##
     ##       #### ##     ## ######## ########  ##     ##  ######  ########

You're about to initialize a Firebase project in this directory:

  C:\Users\jesse\projects\barber

[info] 
=== Project Setup
[info] 
[info] First, let's associate this project directory with a Firebase project.
[info] You can create multiple project aliases by running firebase use --add, 
[info] but for now we'll just set up a default project.
[info] 
[debug] [2025-08-10T11:22:29.355Z] Checked if tokens are valid: true, expires at: 1754827871332
[debug] [2025-08-10T11:22:29.356Z] Checked if tokens are valid: true, expires at: 1754827871332
[debug] [2025-08-10T11:22:29.357Z] >>> [apiv2][query] GET https://firebase.googleapis.com/v1beta1/projects pageSize=100
[debug] [2025-08-10T11:22:29.982Z] <<< [apiv2][status] GET https://firebase.googleapis.com/v1beta1/projects 200
[debug] [2025-08-10T11:22:29.982Z] <<< [apiv2][body] GET https://firebase.googleapis.com/v1beta1/projects [omitted]
[info] i  Using project shear-genius-kfjjb (Shear Genius) 
[info] 
=== Hosting Setup
[debug] [2025-08-10T11:22:31.550Z] Checked if tokens are valid: true, expires at: 1754827871332
[debug] [2025-08-10T11:22:31.550Z] Checked if tokens are valid: true, expires at: 1754827871332
[debug] [2025-08-10T11:22:31.550Z] >>> [apiv2][query] GET https://firebase.googleapis.com/v1beta1/projects/shear-genius-kfjjb [none]
[debug] [2025-08-10T11:22:31.904Z] <<< [apiv2][status] GET https://firebase.googleapis.com/v1beta1/projects/shear-genius-kfjjb 200
[debug] [2025-08-10T11:22:31.904Z] <<< [apiv2][body] GET https://firebase.googleapis.com/v1beta1/projects/shear-genius-kfjjb {"projectId":"shear-genius-kfjjb","projectNumber":"655495256927","displayName":"Shear Genius","name":"projects/shear-genius-kfjjb","resources":{"hostingSite":"shear-genius-kfjjb"},"state":"ACTIVE","etag":"1_aa8acd19-87f1-4219-b36d-1c7bb7ae61e4"}
[debug] [2025-08-10T11:22:41.603Z] Error: Command failed: npx --yes create-next-app@"12 - 15.0" -e hello-world . --use-npm --ts
    at genericNodeError (node:internal/errors:983:15)
    at wrappedFn (node:internal/errors:537:14)
    at checkExecSyncError (node:child_process:915:11)
    at execSync (node:child_process:987:15)
    at Object.init (C:\Users\jesse\AppData\Roaming\npm\node_modules\firebase-tools\lib\frameworks\next\index.js:216:34)
    at async Object.doSetup (C:\Users\jesse\AppData\Roaming\npm\node_modules\firebase-tools\lib\init\features\hosting\index.js:109:13)
    at async init (C:\Users\jesse\AppData\Roaming\npm\node_modules\firebase-tools\lib\init\index.js:65:13)
    at async Command.initAction [as actionFn] (C:\Users\jesse\AppData\Roaming\npm\node_modules\firebase-tools\lib\commands\init.js:209:5)
[error] 
[error] Error: An unexpected error has occurred.
